[Sandcastle Help File Builder GUI, version 1.4.0.1]
Finding tools...
Found Sandcastle in 'C:\Program Files\Sandcastle\'
Found HTML 1.x help compiler in 'C:\Program Files\HTML Help Workshop\'
Validating documentation assembly information...
-------------------------------
Creating Sandcastle configuration file...
    Last step completed in 00:00:00.0156
-------------------------------
Generating shared content files (en-US)...
    Last step completed in 00:00:00.0000
-------------------------------
Generating reflection information...
[C:\Documents and Settings\Cliff Stanford\My Documents\Visual Studio 2005\Projects\Netiom\Netiom\Help\Working\GenerateRefInfo.bat]
MrefBuilder (v2.2.63000.2)
Copyright ¸ Microsoft 2006
Info: Loaded 1 assemblies for reflection and 0 dependency assemblies.
Info: Wrote information on 1 namespaces, 5 types, and 35 members
    Last step completed in 00:00:00.8281
-------------------------------
Removing duplicate topics from reflection information file
    0 duplicate topics removed
    Last step completed in 00:00:00.0000
-------------------------------
Generating namespace summary information...
    Last step completed in 00:00:00.0000
-------------------------------
Applying visibility properties to reflection information file
    1 attribute nodes removed
    0 explicit interface implementations removed
    0 local and base class EII elements removed
    Last step completed in 00:00:00.0156
-------------------------------
Transforming reflection output...
[C:\Documents and Settings\Cliff Stanford\My Documents\Visual Studio 2005\Projects\Netiom\Netiom\Help\Working\TransformManifest.bat]
XslTransform (v2.2.63000.2)
Copyright ¸ Microsoft 2005-2006
Info: Applying XSL transformation 'C:\Program Files\Sandcastle\ProductionTransforms\ApplyVSDocModel.xsl'.
Info: Applying XSL transformation 'C:\Program Files\Sandcastle\ProductionTransforms\AddGuidFilenames.xsl'.
XslTransform (v2.2.63000.2)
Copyright ¸ Microsoft 2005-2006
Info: Applying XSL transformation 'C:\Program Files\Sandcastle\ProductionTransforms\ReflectionToManifest.xsl'.
    Last step completed in 00:00:01.3438
-------------------------------
Copying standard help content...
C:\Program Files\Sandcastle\Presentation\vs2005\icons\alert_caution.gif -> C:\Documents and Settings\Cliff Stanford\My Documents\Visual Studio 2005\Projects\Netiom\Netiom\Help\Working\Output\icons\alert_caution.gif
C:\Program Files\Sandcastle\Presentation\vs2005\icons\alert_note.gif -> C:\Documents and Settings\Cliff Stanford\My Documents\Visual Studio 2005\Projects\Netiom\Netiom\Help\Working\Output\icons\alert_note.gif
C:\Program Files\Sandcastle\Presentation\vs2005\icons\alert_security.gif -> C:\Documents and Settings\Cliff Stanford\My Documents\Visual Studio 2005\Projects\Netiom\Netiom\Help\Working\Output\icons\alert_security.gif
C:\Program Files\Sandcastle\Presentation\vs2005\icons\Caution.gif -> C:\Documents and Settings\Cliff Stanford\My Documents\Visual Studio 2005\Projects\Netiom\Netiom\Help\Working\Output\icons\Caution.gif
C:\Program Files\Sandcastle\Presentation\vs2005\icons\CFW.gif -> C:\Documents and Settings\Cliff Stanford\My Documents\Visual Studio 2005\Projects\Netiom\Netiom\Help\Working\Output\icons\CFW.gif
C:\Program Files\Sandcastle\Presentation\vs2005\icons\collall.gif -> C:\Documents and Settings\Cliff Stanford\My Documents\Visual Studio 2005\Projects\Netiom\Netiom\Help\Working\Output\icons\collall.gif
C:\Program Files\Sandcastle\Presentation\vs2005\icons\collapse_all.gif -> C:\Documents and Settings\Cliff Stanford\My Documents\Visual Studio 2005\Projects\Netiom\Netiom\Help\Working\Output\icons\collapse_all.gif
C:\Program Files\Sandcastle\Presentation\vs2005\icons\copycode.gif -> C:\Documents and Settings\Cliff Stanford\My Documents\Visual Studio 2005\Projects\Netiom\Netiom\Help\Working\Output\icons\copycode.gif
C:\Program Files\Sandcastle\Presentation\vs2005\icons\copycodeHighlight.gif -> C:\Documents and Settings\Cliff Stanford\My Documents\Visual Studio 2005\Projects\Netiom\Netiom\Help\Working\Output\icons\copycodeHighlight.gif
C:\Program Files\Sandcastle\Presentation\vs2005\icons\drpdown.gif -> C:\Documents and Settings\Cliff Stanford\My Documents\Visual Studio 2005\Projects\Netiom\Netiom\Help\Working\Output\icons\drpdown.gif
C:\Program Files\Sandcastle\Presentation\vs2005\icons\drpdown_orange.gif -> C:\Documents and Settings\Cliff Stanford\My Documents\Visual Studio 2005\Projects\Netiom\Netiom\Help\Working\Output\icons\drpdown_orange.gif
C:\Program Files\Sandcastle\Presentation\vs2005\icons\exp.gif -> C:\Documents and Settings\Cliff Stanford\My Documents\Visual Studio 2005\Projects\Netiom\Netiom\Help\Working\Output\icons\exp.gif
C:\Program Files\Sandcastle\Presentation\vs2005\icons\expall.gif -> C:\Documents and Settings\Cliff Stanford\My Documents\Visual Studio 2005\Projects\Netiom\Netiom\Help\Working\Output\icons\expall.gif
C:\Program Files\Sandcastle\Presentation\vs2005\icons\expand_all.gif -> C:\Documents and Settings\Cliff Stanford\My Documents\Visual Studio 2005\Projects\Netiom\Netiom\Help\Working\Output\icons\expand_all.gif
C:\Program Files\Sandcastle\Presentation\vs2005\icons\footer.gif -> C:\Documents and Settings\Cliff Stanford\My Documents\Visual Studio 2005\Projects\Netiom\Netiom\Help\Working\Output\icons\footer.gif
C:\Program Files\Sandcastle\Presentation\vs2005\icons\LastChild.gif -> C:\Documents and Settings\Cliff Stanford\My Documents\Visual Studio 2005\Projects\Netiom\Netiom\Help\Working\Output\icons\LastChild.gif
C:\Program Files\Sandcastle\Presentation\vs2005\icons\privclass.gif -> C:\Documents and Settings\Cliff Stanford\My Documents\Visual Studio 2005\Projects\Netiom\Netiom\Help\Working\Output\icons\privclass.gif
C:\Program Files\Sandcastle\Presentation\vs2005\icons\privdelicate.gif -> C:\Documents and Settings\Cliff Stanford\My Documents\Visual Studio 2005\Projects\Netiom\Netiom\Help\Working\Output\icons\privdelicate.gif
C:\Program Files\Sandcastle\Presentation\vs2005\icons\privenum.gif -> C:\Documents and Settings\Cliff Stanford\My Documents\Visual Studio 2005\Projects\Netiom\Netiom\Help\Working\Output\icons\privenum.gif
C:\Program Files\Sandcastle\Presentation\vs2005\icons\privevent.gif -> C:\Documents and Settings\Cliff Stanford\My Documents\Visual Studio 2005\Projects\Netiom\Netiom\Help\Working\Output\icons\privevent.gif
C:\Program Files\Sandcastle\Presentation\vs2005\icons\privfield.gif -> C:\Documents and Settings\Cliff Stanford\My Documents\Visual Studio 2005\Projects\Netiom\Netiom\Help\Working\Output\icons\privfield.gif
C:\Program Files\Sandcastle\Presentation\vs2005\icons\privinterface.gif -> C:\Documents and Settings\Cliff Stanford\My Documents\Visual Studio 2005\Projects\Netiom\Netiom\Help\Working\Output\icons\privinterface.gif
C:\Program Files\Sandcastle\Presentation\vs2005\icons\privmethod.gif -> C:\Documents and Settings\Cliff Stanford\My Documents\Visual Studio 2005\Projects\Netiom\Netiom\Help\Working\Output\icons\privmethod.gif
C:\Program Files\Sandcastle\Presentation\vs2005\icons\privproperty.gif -> C:\Documents and Settings\Cliff Stanford\My Documents\Visual Studio 2005\Projects\Netiom\Netiom\Help\Working\Output\icons\privproperty.gif
C:\Program Files\Sandcastle\Presentation\vs2005\icons\privstructure.gif -> C:\Documents and Settings\Cliff Stanford\My Documents\Visual Studio 2005\Projects\Netiom\Netiom\Help\Working\Output\icons\privstructure.gif
C:\Program Files\Sandcastle\Presentation\vs2005\icons\protclass.gif -> C:\Documents and Settings\Cliff Stanford\My Documents\Visual Studio 2005\Projects\Netiom\Netiom\Help\Working\Output\icons\protclass.gif
C:\Program Files\Sandcastle\Presentation\vs2005\icons\protdeligate.gif -> C:\Documents and Settings\Cliff Stanford\My Documents\Visual Studio 2005\Projects\Netiom\Netiom\Help\Working\Output\icons\protdeligate.gif
C:\Program Files\Sandcastle\Presentation\vs2005\icons\protenum.gif -> C:\Documents and Settings\Cliff Stanford\My Documents\Visual Studio 2005\Projects\Netiom\Netiom\Help\Working\Output\icons\protenum.gif
C:\Program Files\Sandcastle\Presentation\vs2005\icons\protevent.gif -> C:\Documents and Settings\Cliff Stanford\My Documents\Visual Studio 2005\Projects\Netiom\Netiom\Help\Working\Output\icons\protevent.gif
C:\Program Files\Sandcastle\Presentation\vs2005\icons\protfield.gif -> C:\Documents and Settings\Cliff Stanford\My Documents\Visual Studio 2005\Projects\Netiom\Netiom\Help\Working\Output\icons\protfield.gif
C:\Program Files\Sandcastle\Presentation\vs2005\icons\protinterface.gif -> C:\Documents and Settings\Cliff Stanford\My Documents\Visual Studio 2005\Projects\Netiom\Netiom\Help\Working\Output\icons\protinterface.gif
C:\Program Files\Sandcastle\Presentation\vs2005\icons\protmethod.gif -> C:\Documents and Settings\Cliff Stanford\My Documents\Visual Studio 2005\Projects\Netiom\Netiom\Help\Working\Output\icons\protmethod.gif
C:\Program Files\Sandcastle\Presentation\vs2005\icons\protoperator.gif -> C:\Documents and Settings\Cliff Stanford\My Documents\Visual Studio 2005\Projects\Netiom\Netiom\Help\Working\Output\icons\protoperator.gif
C:\Program Files\Sandcastle\Presentation\vs2005\icons\protproperty.gif -> C:\Documents and Settings\Cliff Stanford\My Documents\Visual Studio 2005\Projects\Netiom\Netiom\Help\Working\Output\icons\protproperty.gif
C:\Program Files\Sandcastle\Presentation\vs2005\icons\protstructure.gif -> C:\Documents and Settings\Cliff Stanford\My Documents\Visual Studio 2005\Projects\Netiom\Netiom\Help\Working\Output\icons\protstructure.gif
C:\Program Files\Sandcastle\Presentation\vs2005\icons\pubclass.gif -> C:\Documents and Settings\Cliff Stanford\My Documents\Visual Studio 2005\Projects\Netiom\Netiom\Help\Working\Output\icons\pubclass.gif
C:\Program Files\Sandcastle\Presentation\vs2005\icons\pubdelegate.gif -> C:\Documents and Settings\Cliff Stanford\My Documents\Visual Studio 2005\Projects\Netiom\Netiom\Help\Working\Output\icons\pubdelegate.gif
C:\Program Files\Sandcastle\Presentation\vs2005\icons\pubenum.gif -> C:\Documents and Settings\Cliff Stanford\My Documents\Visual Studio 2005\Projects\Netiom\Netiom\Help\Working\Output\icons\pubenum.gif
C:\Program Files\Sandcastle\Presentation\vs2005\icons\pubevent.gif -> C:\Documents and Settings\Cliff Stanford\My Documents\Visual Studio 2005\Projects\Netiom\Netiom\Help\Working\Output\icons\pubevent.gif
C:\Program Files\Sandcastle\Presentation\vs2005\icons\pubfield.gif -> C:\Documents and Settings\Cliff Stanford\My Documents\Visual Studio 2005\Projects\Netiom\Netiom\Help\Working\Output\icons\pubfield.gif
C:\Program Files\Sandcastle\Presentation\vs2005\icons\pubinterface.gif -> C:\Documents and Settings\Cliff Stanford\My Documents\Visual Studio 2005\Projects\Netiom\Netiom\Help\Working\Output\icons\pubinterface.gif
C:\Program Files\Sandcastle\Presentation\vs2005\icons\pubmethod.gif -> C:\Documents and Settings\Cliff Stanford\My Documents\Visual Studio 2005\Projects\Netiom\Netiom\Help\Working\Output\icons\pubmethod.gif
C:\Program Files\Sandcastle\Presentation\vs2005\icons\puboperator.gif -> C:\Documents and Settings\Cliff Stanford\My Documents\Visual Studio 2005\Projects\Netiom\Netiom\Help\Working\Output\icons\puboperator.gif
C:\Program Files\Sandcastle\Presentation\vs2005\icons\pubproperty.gif -> C:\Documents and Settings\Cliff Stanford\My Documents\Visual Studio 2005\Projects\Netiom\Netiom\Help\Working\Output\icons\pubproperty.gif
C:\Program Files\Sandcastle\Presentation\vs2005\icons\pubstructure.gif -> C:\Documents and Settings\Cliff Stanford\My Documents\Visual Studio 2005\Projects\Netiom\Netiom\Help\Working\Output\icons\pubstructure.gif
C:\Program Files\Sandcastle\Presentation\vs2005\icons\security.gif -> C:\Documents and Settings\Cliff Stanford\My Documents\Visual Studio 2005\Projects\Netiom\Netiom\Help\Working\Output\icons\security.gif
C:\Program Files\Sandcastle\Presentation\vs2005\icons\static.gif -> C:\Documents and Settings\Cliff Stanford\My Documents\Visual Studio 2005\Projects\Netiom\Netiom\Help\Working\Output\icons\static.gif
C:\Program Files\Sandcastle\Presentation\vs2005\scripts\Dropdown.js -> C:\Documents and Settings\Cliff Stanford\My Documents\Visual Studio 2005\Projects\Netiom\Netiom\Help\Working\Output\scripts\Dropdown.js
C:\Program Files\Sandcastle\Presentation\vs2005\scripts\EventUtilities.js -> C:\Documents and Settings\Cliff Stanford\My Documents\Visual Studio 2005\Projects\Netiom\Netiom\Help\Working\Output\scripts\EventUtilities.js
C:\Program Files\Sandcastle\Presentation\vs2005\scripts\script_manifold.js -> C:\Documents and Settings\Cliff Stanford\My Documents\Visual Studio 2005\Projects\Netiom\Netiom\Help\Working\Output\scripts\script_manifold.js
C:\Program Files\Sandcastle\Presentation\vs2005\scripts\SplitScreen.js -> C:\Documents and Settings\Cliff Stanford\My Documents\Visual Studio 2005\Projects\Netiom\Netiom\Help\Working\Output\scripts\SplitScreen.js
C:\Program Files\Sandcastle\Presentation\vs2005\styles\presentation.css -> C:\Documents and Settings\Cliff Stanford\My Documents\Visual Studio 2005\Projects\Netiom\Netiom\Help\Working\Output\styles\presentation.css
    Last step completed in 00:00:00.2031

Building help topics...
[C:\Documents and Settings\Cliff Stanford\My Documents\Visual Studio 2005\Projects\Netiom\Netiom\Help\Working\BuildHelpTopics.bat]
BuildAssembler (v2.2.63000.2)
Copyright ¸ Microsoft 2006
Info: CopyFromFileComponent: Instantiating component.
Info: CopyFromFileComponent: Loading data file 'C:\Program Files\Sandcastle\Presentation\vs2005\transforms\skeleton.xml'.
Info: CopyFromIndexComponent: Instantiating component.
Info: CopyFromIndexComponent: Searching for files that match 'reflection.xml'.
Info: CopyFromIndexComponent: Searching for files that match 'C:\Program Files\Sandcastle\Data\Cpref_reflection\*.xml'.
Info: CopyFromIndexComponent: Indexed 149295 elements in 105 files.
Info: CopyFromIndexComponent: Instantiating component.
Info: ForEachComponent: Instantiating component.
Info: ForEachComponent: Loading subcomponents.
Info: CopyFromIndexComponent: Instantiating component.
Info: ForEachComponent: Loaded 1 subcomponents.
Info: ForEachComponent: Instantiating component.
Info: ForEachComponent: Loading subcomponents.
Info: CopyFromIndexComponent: Instantiating component.
Info: ForEachComponent: Loaded 1 subcomponents.
Info: IfThenComponent: Instantiating component.
Info: SyntaxComponent: Instantiating component.
Info: SyntaxComponent: Loaded 2 syntax generators.
Info: CopyFromIndexComponent: Instantiating component.
Info: CopyFromIndexComponent: Searching for files that match 'C:\Documents and Settings\Cliff Stanford\My Documents\Visual Studio 2005\Projects\Netiom\Netiom\Help\Working\Netiom.XML'.
Info: CopyFromIndexComponent: Searching for files that match 'C:\WINDOWS\Microsoft.NET\Framework\v2.0.50727\*.xml'.
Info: CopyFromIndexComponent: Indexed 76811 elements in 68 files.
Info: ForEachComponent: Instantiating component.
Info: ForEachComponent: Loading subcomponents.
Info: IfThenComponent: Instantiating component.
Info: CopyFromIndexComponent: Instantiating component.
Info: CopyFromIndexComponent: Instantiating component.
Info: ForEachComponent: Loaded 2 subcomponents.
Info: CopyFromIndexComponent: Instantiating component.
Info: ShowMissingComponent: Instantiating component.
Info: ShowMissingComponent: 
    [Sandcastle Help File Builder Components, version 1.4.0.1]
    Show Missing Documentation Component. Copyright ¸ 2006-2007, Eric Woodruff, All Rights Reserved
    http://www.codeplex.com/SHFB
Info: VersionInfoComponent: Instantiating component.
Info: VersionInfoComponent: 
    [Sandcastle Help File Builder Components, version 1.4.0.1]
    Version Information Component. Copyright ¸ 2006-2007, Eric Woodruff, All Rights Reserved
    http://www.codeplex.com/SHFB
Info: CodeBlockComponent: Instantiating component.
Info: CodeBlockComponent: 
    [Sandcastle Help File Builder Components, version 1.4.0.1]
    Code Block Component. Copyright ¸ 2006-2007, Eric Woodruff, All Rights Reserved.
    Portions copyright (c) 2003, Jonathan de Halleux, All rights reserved.
    http://www.codeplex.com/SHFB
Info: TransformComponent: Instantiating component.
Info: PostTransformComponent: Instantiating component.
Info: PostTransformComponent: 
    [Sandcastle Help File Builder Components, version 1.4.0.1]
    Post-Transform Component. Copyright ¸ 2006-2007, Eric Woodruff, All Rights Reserved
    http://www.codeplex.com/SHFB
Info: SharedContentComponent: Instantiating component.
Info: SharedContentComponent: Loading shared content file 'shared_content.xml'.
Info: SharedContentComponent: Loading shared content file 'reference_content.xml'.
Info: SharedContentComponent: Overriding shared content item 'remarkstitle' with value in file 'reference_content.xml'.
Info: SharedContentComponent: Overriding shared content item 'namespacenameheader' with value in file 'reference_content.xml'.
Info: SharedContentComponent: Loading shared content file 'syntax_content.xml'.
Info: SharedContentComponent: Loaded 382 shared content items.
Info: ResolveReferenceLinksComponent: Instantiating component.
Info: ResolveReferenceLinksComponent: Indexed 149295 reference link targets.
Info: SaveComponent: Instantiating component.
Info: BuildAssembler: Building topic R:Project
Info: BuildAssembler: Building topic N:MayBE.Netiom
Info: BuildAssembler: Building topic T:MayBE.Netiom.Module
Info: ResolveReferenceLinksComponent: Preparing to query MSDN topic URL web service.
Info: BuildAssembler: Building topic AllMembers.T:MayBE.Netiom.Module
Info: BuildAssembler: Building topic Methods.T:MayBE.Netiom.Module
Info: BuildAssembler: Building topic Properties.T:MayBE.Netiom.Module
Info: BuildAssembler: Building topic Fields.T:MayBE.Netiom.Module
Warn: SharedContentComponent: Missing shared content item 'fieldsindexentry'.
Info: BuildAssembler: Building topic Overload:MayBE.Netiom.Module.RegisterAll
Info: BuildAssembler: Building topic Overload:MayBE.Netiom.Module.RegisterRoutine
Info: BuildAssembler: Building topic Overload:MayBE.Netiom.Module.SetPorts
Info: BuildAssembler: Building topic M:MayBE.Netiom.Module.#ctor(System.Net.IPAddress)
Info: BuildAssembler: Building topic F:MayBE.Netiom.Module.AnalogPorts
Info: BuildAssembler: Building topic F:MayBE.Netiom.Module.device
Info: BuildAssembler: Building topic M:MayBE.Netiom.Module.Dispose
Info: BuildAssembler: Building topic M:MayBE.Netiom.Module.GetAnalogState(System.Int32)
Info: BuildAssembler: Building topic M:MayBE.Netiom.Module.GetPortState(MayBE.Netiom.Module.IO,System.Int32)
Info: BuildAssembler: Building topic F:MayBE.Netiom.Module.hostname
Info: BuildAssembler: Building topic F:MayBE.Netiom.Module.InputPorts
Info: BuildAssembler: Building topic F:MayBE.Netiom.Module.IPaddress
Info: BuildAssembler: Building topic P:MayBE.Netiom.Module.Item(System.Int32)
Info: BuildAssembler: Building topic F:MayBE.Netiom.Module.lastAnalog
Info: BuildAssembler: Building topic F:MayBE.Netiom.Module.lastInputs
Info: BuildAssembler: Building topic F:MayBE.Netiom.Module.lastOutputs
Info: BuildAssembler: Building topic P:MayBE.Netiom.Module.ModuleHostName
Info: BuildAssembler: Building topic P:MayBE.Netiom.Module.ModuleIPAddress
Info: BuildAssembler: Building topic F:MayBE.Netiom.Module.OutputPorts
Info: BuildAssembler: Building topic M:MayBE.Netiom.Module.RegisterAll(MayBE.Netiom.Module.AnalogChange)
Info: BuildAssembler: Building topic M:MayBE.Netiom.Module.RegisterAll(MayBE.Netiom.Module.IO,MayBE.Netiom.Module.PortChange)
Info: BuildAssembler: Building topic M:MayBE.Netiom.Module.RegisterAll(MayBE.Netiom.Module.PortChange)
Info: BuildAssembler: Building topic M:MayBE.Netiom.Module.RegisterRoutine(MayBE.Netiom.Module.IO,MayBE.Netiom.Module.PortChange,System.UInt16)
Info: BuildAssembler: Building topic M:MayBE.Netiom.Module.RegisterRoutine(MayBE.Netiom.Module.IO,System.Int32,MayBE.Netiom.Module.PortChange)
Info: BuildAssembler: Building topic M:MayBE.Netiom.Module.RegisterRoutine(MayBE.Netiom.Module.PortChange,System.UInt16)
Info: BuildAssembler: Building topic M:MayBE.Netiom.Module.RegisterRoutine(System.Int32,MayBE.Netiom.Module.AnalogChange)
Info: BuildAssembler: Building topic M:MayBE.Netiom.Module.RegisterRoutine(System.Int32,MayBE.Netiom.Module.PortChange)
Info: BuildAssembler: Building topic M:MayBE.Netiom.Module.SendUdp(System.String)
Info: BuildAssembler: Building topic M:MayBE.Netiom.Module.SetPorts(System.Boolean[])
Info: BuildAssembler: Building topic M:MayBE.Netiom.Module.SetPorts(System.String)
Info: BuildAssembler: Building topic M:MayBE.Netiom.Module.SetPorts(System.UInt16)
Info: BuildAssembler: Building topic M:MayBE.Netiom.Module.SetPortState(System.Int32,System.Boolean)
Info: BuildAssembler: Building topic T:MayBE.Netiom.Module.AnalogChange
Info: BuildAssembler: Building topic T:MayBE.Netiom.Module.IO
Info: BuildAssembler: Building topic Fields.T:MayBE.Netiom.Module.IO
Warn: SharedContentComponent: Missing shared content item 'fieldsindexentry'.
Info: BuildAssembler: Building topic F:MayBE.Netiom.Module.IO.Analog
Info: BuildAssembler: Building topic F:MayBE.Netiom.Module.IO.Both
Info: BuildAssembler: Building topic F:MayBE.Netiom.Module.IO.Input
Info: BuildAssembler: Building topic F:MayBE.Netiom.Module.IO.Output
Info: BuildAssembler: Building topic T:MayBE.Netiom.Module.PortChange
Info: BuildAssembler: Building topic T:MayBE.Netiom.Netiom
Info: BuildAssembler: Building topic AllMembers.T:MayBE.Netiom.Netiom
Info: BuildAssembler: Building topic Methods.T:MayBE.Netiom.Netiom
Info: BuildAssembler: Building topic M:MayBE.Netiom.Netiom.GetModule(System.String)
Info: BuildAssembler: Building topic M:MayBE.Netiom.Netiom.GetModules
Info: Processed 52 topics
    Last step completed in 00:00:35.7500
-------------------------------
Generating table of content for website...
[C:\Documents and Settings\Cliff Stanford\My Documents\Visual Studio 2005\Projects\Netiom\Netiom\Help\Working\Generate1xTOC.bat]
XslTransform (v2.2.63000.2)
Copyright ¸ Microsoft 2005-2006
Info: Applying XSL transformation 'C:\Program Files\Sandcastle\ProductionTransforms\CreateVSToc.xsl'.
XslTransform (v2.2.63000.2)
Copyright ¸ Microsoft 2005-2006
Info: Applying XSL transformation 'C:\Program Files\Sandcastle\ProductionTransforms\TocToChmContents.xsl'.
    Last step completed in 00:00:01.5313
Updating table of content with additional content items and determining default topic...
    Last step completed in 00:00:00.0000
-------------------------------
Copying website files to output folder...

C:\Documents and Settings\Cliff Stanford\My Documents\Visual Studio 2005\Projects\Netiom\Netiom\Help\Working\Output\html\0c803566-f18e-1b0c-ab69-f5e9ab5f1464.htm -> C:\Documents and Settings\Cliff Stanford\My Documents\Visual Studio 2005\Projects\Netiom\Netiom\Help\html\0c803566-f18e-1b0c-ab69-f5e9ab5f1464.htm
C:\Documents and Settings\Cliff Stanford\My Documents\Visual Studio 2005\Projects\Netiom\Netiom\Help\Working\Output\html\14235994-bcf9-cd38-6860-5a8aef820dc3.htm -> C:\Documents and Settings\Cliff Stanford\My Documents\Visual Studio 2005\Projects\Netiom\Netiom\Help\html\14235994-bcf9-cd38-6860-5a8aef820dc3.htm
C:\Documents and Settings\Cliff Stanford\My Documents\Visual Studio 2005\Projects\Netiom\Netiom\Help\Working\Output\html\1a894cc6-fd0a-e40f-1fcd-7f658a840962.htm -> C:\Documents and Settings\Cliff Stanford\My Documents\Visual Studio 2005\Projects\Netiom\Netiom\Help\html\1a894cc6-fd0a-e40f-1fcd-7f658a840962.htm
C:\Documents and Settings\Cliff Stanford\My Documents\Visual Studio 2005\Projects\Netiom\Netiom\Help\Working\Output\html\1fca2801-f85b-b834-a818-c54524556b89.htm -> C:\Documents and Settings\Cliff Stanford\My Documents\Visual Studio 2005\Projects\Netiom\Netiom\Help\html\1fca2801-f85b-b834-a818-c54524556b89.htm
C:\Documents and Settings\Cliff Stanford\My Documents\Visual Studio 2005\Projects\Netiom\Netiom\Help\Working\Output\html\265db2dc-5ad6-2817-b860-8fcd27b3c9a4.htm -> C:\Documents and Settings\Cliff Stanford\My Documents\Visual Studio 2005\Projects\Netiom\Netiom\Help\html\265db2dc-5ad6-2817-b860-8fcd27b3c9a4.htm
C:\Documents and Settings\Cliff Stanford\My Documents\Visual Studio 2005\Projects\Netiom\Netiom\Help\Working\Output\html\26b2692d-2078-b31f-16f7-9019dbefd063.htm -> C:\Documents and Settings\Cliff Stanford\My Documents\Visual Studio 2005\Projects\Netiom\Netiom\Help\html\26b2692d-2078-b31f-16f7-9019dbefd063.htm
C:\Documents and Settings\Cliff Stanford\My Documents\Visual Studio 2005\Projects\Netiom\Netiom\Help\Working\Output\html\337435cb-3df7-ce12-5e45-8458af04673a.htm -> C:\Documents and Settings\Cliff Stanford\My Documents\Visual Studio 2005\Projects\Netiom\Netiom\Help\html\337435cb-3df7-ce12-5e45-8458af04673a.htm
C:\Documents and Settings\Cliff Stanford\My Documents\Visual Studio 2005\Projects\Netiom\Netiom\Help\Working\Output\html\349b244a-9a38-57b8-fe25-dfee34c469f4.htm -> C:\Documents and Settings\Cliff Stanford\My Documents\Visual Studio 2005\Projects\Netiom\Netiom\Help\html\349b244a-9a38-57b8-fe25-dfee34c469f4.htm
C:\Documents and Settings\Cliff Stanford\My Documents\Visual Studio 2005\Projects\Netiom\Netiom\Help\Working\Output\html\35f951df-74ea-9452-4e45-afb3b34083e7.htm -> C:\Documents and Settings\Cliff Stanford\My Documents\Visual Studio 2005\Projects\Netiom\Netiom\Help\html\35f951df-74ea-9452-4e45-afb3b34083e7.htm
C:\Documents and Settings\Cliff Stanford\My Documents\Visual Studio 2005\Projects\Netiom\Netiom\Help\Working\Output\html\3c6173c3-2657-2d6a-145d-814f3bb3d76f.htm -> C:\Documents and Settings\Cliff Stanford\My Documents\Visual Studio 2005\Projects\Netiom\Netiom\Help\html\3c6173c3-2657-2d6a-145d-814f3bb3d76f.htm
C:\Documents and Settings\Cliff Stanford\My Documents\Visual Studio 2005\Projects\Netiom\Netiom\Help\Working\Output\html\3d2d8a6f-d1b7-5ab2-9a0d-0e71d03dd982.htm -> C:\Documents and Settings\Cliff Stanford\My Documents\Visual Studio 2005\Projects\Netiom\Netiom\Help\html\3d2d8a6f-d1b7-5ab2-9a0d-0e71d03dd982.htm
C:\Documents and Settings\Cliff Stanford\My Documents\Visual Studio 2005\Projects\Netiom\Netiom\Help\Working\Output\html\414561bf-1ca6-12ae-3a6d-e11a82f0740d.htm -> C:\Documents and Settings\Cliff Stanford\My Documents\Visual Studio 2005\Projects\Netiom\Netiom\Help\html\414561bf-1ca6-12ae-3a6d-e11a82f0740d.htm
C:\Documents and Settings\Cliff Stanford\My Documents\Visual Studio 2005\Projects\Netiom\Netiom\Help\Working\Output\html\440400de-4a29-b5f1-34a6-99852ee861cf.htm -> C:\Documents and Settings\Cliff Stanford\My Documents\Visual Studio 2005\Projects\Netiom\Netiom\Help\html\440400de-4a29-b5f1-34a6-99852ee861cf.htm
C:\Documents and Settings\Cliff Stanford\My Documents\Visual Studio 2005\Projects\Netiom\Netiom\Help\Working\Output\html\444a2a16-2c75-3f69-eee3-57d865b6dd55.htm -> C:\Documents and Settings\Cliff Stanford\My Documents\Visual Studio 2005\Projects\Netiom\Netiom\Help\html\444a2a16-2c75-3f69-eee3-57d865b6dd55.htm
C:\Documents and Settings\Cliff Stanford\My Documents\Visual Studio 2005\Projects\Netiom\Netiom\Help\Working\Output\html\44abeaf1-4daa-9423-dc85-d004b4fd705d.htm -> C:\Documents and Settings\Cliff Stanford\My Documents\Visual Studio 2005\Projects\Netiom\Netiom\Help\html\44abeaf1-4daa-9423-dc85-d004b4fd705d.htm
C:\Documents and Settings\Cliff Stanford\My Documents\Visual Studio 2005\Projects\Netiom\Netiom\Help\Working\Output\html\50c31e29-e52e-0301-3f1b-4ef92fef681e.htm -> C:\Documents and Settings\Cliff Stanford\My Documents\Visual Studio 2005\Projects\Netiom\Netiom\Help\html\50c31e29-e52e-0301-3f1b-4ef92fef681e.htm
C:\Documents and Settings\Cliff Stanford\My Documents\Visual Studio 2005\Projects\Netiom\Netiom\Help\Working\Output\html\523de977-9fdf-59d1-7723-71c529d46e19.htm -> C:\Documents and Settings\Cliff Stanford\My Documents\Visual Studio 2005\Projects\Netiom\Netiom\Help\html\523de977-9fdf-59d1-7723-71c529d46e19.htm
C:\Documents and Settings\Cliff Stanford\My Documents\Visual Studio 2005\Projects\Netiom\Netiom\Help\Working\Output\html\54e903e0-ef1f-3674-6385-37edc90c63ef.htm -> C:\Documents and Settings\Cliff Stanford\My Documents\Visual Studio 2005\Projects\Netiom\Netiom\Help\html\54e903e0-ef1f-3674-6385-37edc90c63ef.htm
C:\Documents and Settings\Cliff Stanford\My Documents\Visual Studio 2005\Projects\Netiom\Netiom\Help\Working\Output\html\587376e0-01a0-8ac0-b849-da2d1a15e447.htm -> C:\Documents and Settings\Cliff Stanford\My Documents\Visual Studio 2005\Projects\Netiom\Netiom\Help\html\587376e0-01a0-8ac0-b849-da2d1a15e447.htm
C:\Documents and Settings\Cliff Stanford\My Documents\Visual Studio 2005\Projects\Netiom\Netiom\Help\Working\Output\html\5a76d08d-f071-bdd0-7639-88f47c6062c1.htm -> C:\Documents and Settings\Cliff Stanford\My Documents\Visual Studio 2005\Projects\Netiom\Netiom\Help\html\5a76d08d-f071-bdd0-7639-88f47c6062c1.htm
C:\Documents and Settings\Cliff Stanford\My Documents\Visual Studio 2005\Projects\Netiom\Netiom\Help\Working\Output\html\5d61850e-46e3-6a2b-a3e2-cb369aa84e73.htm -> C:\Documents and Settings\Cliff Stanford\My Documents\Visual Studio 2005\Projects\Netiom\Netiom\Help\html\5d61850e-46e3-6a2b-a3e2-cb369aa84e73.htm
C:\Documents and Settings\Cliff Stanford\My Documents\Visual Studio 2005\Projects\Netiom\Netiom\Help\Working\Output\html\620a3db3-e7d2-b479-84cb-894ea386f0a3.htm -> C:\Documents and Settings\Cliff Stanford\My Documents\Visual Studio 2005\Projects\Netiom\Netiom\Help\html\620a3db3-e7d2-b479-84cb-894ea386f0a3.htm
C:\Documents and Settings\Cliff Stanford\My Documents\Visual Studio 2005\Projects\Netiom\Netiom\Help\Working\Output\html\66a3f0d4-3c19-d931-d8ea-284bfa775cf9.htm -> C:\Documents and Settings\Cliff Stanford\My Documents\Visual Studio 2005\Projects\Netiom\Netiom\Help\html\66a3f0d4-3c19-d931-d8ea-284bfa775cf9.htm
C:\Documents and Settings\Cliff Stanford\My Documents\Visual Studio 2005\Projects\Netiom\Netiom\Help\Working\Output\html\6bb463a9-bdbc-b8af-8a7a-b3884538d70e.htm -> C:\Documents and Settings\Cliff Stanford\My Documents\Visual Studio 2005\Projects\Netiom\Netiom\Help\html\6bb463a9-bdbc-b8af-8a7a-b3884538d70e.htm
C:\Documents and Settings\Cliff Stanford\My Documents\Visual Studio 2005\Projects\Netiom\Netiom\Help\Working\Output\html\6d88e933-cd55-e3dc-4752-ed3683f7be9e.htm -> C:\Documents and Settings\Cliff Stanford\My Documents\Visual Studio 2005\Projects\Netiom\Netiom\Help\html\6d88e933-cd55-e3dc-4752-ed3683f7be9e.htm
C:\Documents and Settings\Cliff Stanford\My Documents\Visual Studio 2005\Projects\Netiom\Netiom\Help\Working\Output\html\70e71334-4ae1-4e01-4d8e-38a137c00621.htm -> C:\Documents and Settings\Cliff Stanford\My Documents\Visual Studio 2005\Projects\Netiom\Netiom\Help\html\70e71334-4ae1-4e01-4d8e-38a137c00621.htm
C:\Documents and Settings\Cliff Stanford\My Documents\Visual Studio 2005\Projects\Netiom\Netiom\Help\Working\Output\html\7dfe80d9-9ebc-94d2-2ccb-e78a70454167.htm -> C:\Documents and Settings\Cliff Stanford\My Documents\Visual Studio 2005\Projects\Netiom\Netiom\Help\html\7dfe80d9-9ebc-94d2-2ccb-e78a70454167.htm
C:\Documents and Settings\Cliff Stanford\My Documents\Visual Studio 2005\Projects\Netiom\Netiom\Help\Working\Output\html\87f765a0-a96a-781c-5f16-2e551ac69276.htm -> C:\Documents and Settings\Cliff Stanford\My Documents\Visual Studio 2005\Projects\Netiom\Netiom\Help\html\87f765a0-a96a-781c-5f16-2e551ac69276.htm
C:\Documents and Settings\Cliff Stanford\My Documents\Visual Studio 2005\Projects\Netiom\Netiom\Help\Working\Output\html\89d61be4-db77-b8ca-1cff-24c27a529a56.htm -> C:\Documents and Settings\Cliff Stanford\My Documents\Visual Studio 2005\Projects\Netiom\Netiom\Help\html\89d61be4-db77-b8ca-1cff-24c27a529a56.htm
C:\Documents and Settings\Cliff Stanford\My Documents\Visual Studio 2005\Projects\Netiom\Netiom\Help\Working\Output\html\97a0aa20-a542-cb54-f258-0d0c75405164.htm -> C:\Documents and Settings\Cliff Stanford\My Documents\Visual Studio 2005\Projects\Netiom\Netiom\Help\html\97a0aa20-a542-cb54-f258-0d0c75405164.htm
C:\Documents and Settings\Cliff Stanford\My Documents\Visual Studio 2005\Projects\Netiom\Netiom\Help\Working\Output\html\9b43c691-708d-a920-ff45-929b12d4b70e.htm -> C:\Documents and Settings\Cliff Stanford\My Documents\Visual Studio 2005\Projects\Netiom\Netiom\Help\html\9b43c691-708d-a920-ff45-929b12d4b70e.htm
C:\Documents and Settings\Cliff Stanford\My Documents\Visual Studio 2005\Projects\Netiom\Netiom\Help\Working\Output\html\a2de5154-a978-c2bd-7cf0-d9215b2a0d64.htm -> C:\Documents and Settings\Cliff Stanford\My Documents\Visual Studio 2005\Projects\Netiom\Netiom\Help\html\a2de5154-a978-c2bd-7cf0-d9215b2a0d64.htm
C:\Documents and Settings\Cliff Stanford\My Documents\Visual Studio 2005\Projects\Netiom\Netiom\Help\Working\Output\html\a3cae67c-4361-3c94-bd27-a145f0563aac.htm -> C:\Documents and Settings\Cliff Stanford\My Documents\Visual Studio 2005\Projects\Netiom\Netiom\Help\html\a3cae67c-4361-3c94-bd27-a145f0563aac.htm
C:\Documents and Settings\Cliff Stanford\My Documents\Visual Studio 2005\Projects\Netiom\Netiom\Help\Working\Output\html\a40b6844-686d-650c-ed27-bf6c50f3f04e.htm -> C:\Documents and Settings\Cliff Stanford\My Documents\Visual Studio 2005\Projects\Netiom\Netiom\Help\html\a40b6844-686d-650c-ed27-bf6c50f3f04e.htm
C:\Documents and Settings\Cliff Stanford\My Documents\Visual Studio 2005\Projects\Netiom\Netiom\Help\Working\Output\html\a7223189-1b8b-b435-ff06-eada1928eab7.htm -> C:\Documents and Settings\Cliff Stanford\My Documents\Visual Studio 2005\Projects\Netiom\Netiom\Help\html\a7223189-1b8b-b435-ff06-eada1928eab7.htm
C:\Documents and Settings\Cliff Stanford\My Documents\Visual Studio 2005\Projects\Netiom\Netiom\Help\Working\Output\html\aabe3733-f9a9-f0b6-555a-24c4ab4e4ba3.htm -> C:\Documents and Settings\Cliff Stanford\My Documents\Visual Studio 2005\Projects\Netiom\Netiom\Help\html\aabe3733-f9a9-f0b6-555a-24c4ab4e4ba3.htm
C:\Documents and Settings\Cliff Stanford\My Documents\Visual Studio 2005\Projects\Netiom\Netiom\Help\Working\Output\html\ada7015a-a6b7-a63e-d84b-61886e493673.htm -> C:\Documents and Settings\Cliff Stanford\My Documents\Visual Studio 2005\Projects\Netiom\Netiom\Help\html\ada7015a-a6b7-a63e-d84b-61886e493673.htm
C:\Documents and Settings\Cliff Stanford\My Documents\Visual Studio 2005\Projects\Netiom\Netiom\Help\Working\Output\html\b1d0bcf0-da7a-8c15-55e2-1a20a381626b.htm -> C:\Documents and Settings\Cliff Stanford\My Documents\Visual Studio 2005\Projects\Netiom\Netiom\Help\html\b1d0bcf0-da7a-8c15-55e2-1a20a381626b.htm
C:\Documents and Settings\Cliff Stanford\My Documents\Visual Studio 2005\Projects\Netiom\Netiom\Help\Working\Output\html\b3116522-3387-a559-3c67-f6c020b31e8e.htm -> C:\Documents and Settings\Cliff Stanford\My Documents\Visual Studio 2005\Projects\Netiom\Netiom\Help\html\b3116522-3387-a559-3c67-f6c020b31e8e.htm
C:\Documents and Settings\Cliff Stanford\My Documents\Visual Studio 2005\Projects\Netiom\Netiom\Help\Working\Output\html\b9853399-d9e5-e76b-df69-e25c22d312b7.htm -> C:\Documents and Settings\Cliff Stanford\My Documents\Visual Studio 2005\Projects\Netiom\Netiom\Help\html\b9853399-d9e5-e76b-df69-e25c22d312b7.htm
C:\Documents and Settings\Cliff Stanford\My Documents\Visual Studio 2005\Projects\Netiom\Netiom\Help\Working\Output\html\c24bcc0c-16ee-70c6-aabf-967ad6ccd08b.htm -> C:\Documents and Settings\Cliff Stanford\My Documents\Visual Studio 2005\Projects\Netiom\Netiom\Help\html\c24bcc0c-16ee-70c6-aabf-967ad6ccd08b.htm
C:\Documents and Settings\Cliff Stanford\My Documents\Visual Studio 2005\Projects\Netiom\Netiom\Help\Working\Output\html\c35370c7-9431-30b7-cbe3-d128ce594141.htm -> C:\Documents and Settings\Cliff Stanford\My Documents\Visual Studio 2005\Projects\Netiom\Netiom\Help\html\c35370c7-9431-30b7-cbe3-d128ce594141.htm
C:\Documents and Settings\Cliff Stanford\My Documents\Visual Studio 2005\Projects\Netiom\Netiom\Help\Working\Output\html\c35e4be0-ce9d-482d-8c2d-14962b9cb24c.htm -> C:\Documents and Settings\Cliff Stanford\My Documents\Visual Studio 2005\Projects\Netiom\Netiom\Help\html\c35e4be0-ce9d-482d-8c2d-14962b9cb24c.htm
C:\Documents and Settings\Cliff Stanford\My Documents\Visual Studio 2005\Projects\Netiom\Netiom\Help\Working\Output\html\c45df1c2-c302-aa95-6fc0-3b5594089dcc.htm -> C:\Documents and Settings\Cliff Stanford\My Documents\Visual Studio 2005\Projects\Netiom\Netiom\Help\html\c45df1c2-c302-aa95-6fc0-3b5594089dcc.htm
C:\Documents and Settings\Cliff Stanford\My Documents\Visual Studio 2005\Projects\Netiom\Netiom\Help\Working\Output\html\cd928c4c-267b-15aa-4a41-ca7ea2b2f045.htm -> C:\Documents and Settings\Cliff Stanford\My Documents\Visual Studio 2005\Projects\Netiom\Netiom\Help\html\cd928c4c-267b-15aa-4a41-ca7ea2b2f045.htm
C:\Documents and Settings\Cliff Stanford\My Documents\Visual Studio 2005\Projects\Netiom\Netiom\Help\Working\Output\html\cf759549-80b2-42a7-4f16-830efe21daa4.htm -> C:\Documents and Settings\Cliff Stanford\My Documents\Visual Studio 2005\Projects\Netiom\Netiom\Help\html\cf759549-80b2-42a7-4f16-830efe21daa4.htm
C:\Documents and Settings\Cliff Stanford\My Documents\Visual Studio 2005\Projects\Netiom\Netiom\Help\Working\Output\html\d4648875-d41a-783b-d5f4-638df39ee413.htm -> C:\Documents and Settings\Cliff Stanford\My Documents\Visual Studio 2005\Projects\Netiom\Netiom\Help\html\d4648875-d41a-783b-d5f4-638df39ee413.htm
C:\Documents and Settings\Cliff Stanford\My Documents\Visual Studio 2005\Projects\Netiom\Netiom\Help\Working\Output\html\d757c04c-a657-0183-3597-bda4b846a8c7.htm -> C:\Documents and Settings\Cliff Stanford\My Documents\Visual Studio 2005\Projects\Netiom\Netiom\Help\html\d757c04c-a657-0183-3597-bda4b846a8c7.htm
C:\Documents and Settings\Cliff Stanford\My Documents\Visual Studio 2005\Projects\Netiom\Netiom\Help\Working\Output\html\dbc56673-0d17-7e19-a058-6eb7df1756f5.htm -> C:\Documents and Settings\Cliff Stanford\My Documents\Visual Studio 2005\Projects\Netiom\Netiom\Help\html\dbc56673-0d17-7e19-a058-6eb7df1756f5.htm
C:\Documents and Settings\Cliff Stanford\My Documents\Visual Studio 2005\Projects\Netiom\Netiom\Help\Working\Output\html\ddbe0cf9-7438-3096-c947-8ac9f16ba242.htm -> C:\Documents and Settings\Cliff Stanford\My Documents\Visual Studio 2005\Projects\Netiom\Netiom\Help\html\ddbe0cf9-7438-3096-c947-8ac9f16ba242.htm
C:\Documents and Settings\Cliff Stanford\My Documents\Visual Studio 2005\Projects\Netiom\Netiom\Help\Working\Output\html\fbb832cf-f817-527e-508b-ab29105d17d3.htm -> C:\Documents and Settings\Cliff Stanford\My Documents\Visual Studio 2005\Projects\Netiom\Netiom\Help\html\fbb832cf-f817-527e-508b-ab29105d17d3.htm
C:\Documents and Settings\Cliff Stanford\My Documents\Visual Studio 2005\Projects\Netiom\Netiom\Help\Working\Output\html\fe3bee85-9e77-83ff-ec41-2ee63b2e041c.htm -> C:\Documents and Settings\Cliff Stanford\My Documents\Visual Studio 2005\Projects\Netiom\Netiom\Help\html\fe3bee85-9e77-83ff-ec41-2ee63b2e041c.htm
C:\Documents and Settings\Cliff Stanford\My Documents\Visual Studio 2005\Projects\Netiom\Netiom\Help\Working\Output\icons\alert_caution.gif -> C:\Documents and Settings\Cliff Stanford\My Documents\Visual Studio 2005\Projects\Netiom\Netiom\Help\icons\alert_caution.gif
C:\Documents and Settings\Cliff Stanford\My Documents\Visual Studio 2005\Projects\Netiom\Netiom\Help\Working\Output\icons\alert_note.gif -> C:\Documents and Settings\Cliff Stanford\My Documents\Visual Studio 2005\Projects\Netiom\Netiom\Help\icons\alert_note.gif
C:\Documents and Settings\Cliff Stanford\My Documents\Visual Studio 2005\Projects\Netiom\Netiom\Help\Working\Output\icons\alert_security.gif -> C:\Documents and Settings\Cliff Stanford\My Documents\Visual Studio 2005\Projects\Netiom\Netiom\Help\icons\alert_security.gif
C:\Documents and Settings\Cliff Stanford\My Documents\Visual Studio 2005\Projects\Netiom\Netiom\Help\Working\Output\icons\Caution.gif -> C:\Documents and Settings\Cliff Stanford\My Documents\Visual Studio 2005\Projects\Netiom\Netiom\Help\icons\Caution.gif
C:\Documents and Settings\Cliff Stanford\My Documents\Visual Studio 2005\Projects\Netiom\Netiom\Help\Working\Output\icons\CFW.gif -> C:\Documents and Settings\Cliff Stanford\My Documents\Visual Studio 2005\Projects\Netiom\Netiom\Help\icons\CFW.gif
C:\Documents and Settings\Cliff Stanford\My Documents\Visual Studio 2005\Projects\Netiom\Netiom\Help\Working\Output\icons\collall.gif -> C:\Documents and Settings\Cliff Stanford\My Documents\Visual Studio 2005\Projects\Netiom\Netiom\Help\icons\collall.gif
C:\Documents and Settings\Cliff Stanford\My Documents\Visual Studio 2005\Projects\Netiom\Netiom\Help\Working\Output\icons\collapse_all.gif -> C:\Documents and Settings\Cliff Stanford\My Documents\Visual Studio 2005\Projects\Netiom\Netiom\Help\icons\collapse_all.gif
C:\Documents and Settings\Cliff Stanford\My Documents\Visual Studio 2005\Projects\Netiom\Netiom\Help\Working\Output\icons\copycode.gif -> C:\Documents and Settings\Cliff Stanford\My Documents\Visual Studio 2005\Projects\Netiom\Netiom\Help\icons\copycode.gif
C:\Documents and Settings\Cliff Stanford\My Documents\Visual Studio 2005\Projects\Netiom\Netiom\Help\Working\Output\icons\copycodeHighlight.gif -> C:\Documents and Settings\Cliff Stanford\My Documents\Visual Studio 2005\Projects\Netiom\Netiom\Help\icons\copycodeHighlight.gif
C:\Documents and Settings\Cliff Stanford\My Documents\Visual Studio 2005\Projects\Netiom\Netiom\Help\Working\Output\icons\drpdown.gif -> C:\Documents and Settings\Cliff Stanford\My Documents\Visual Studio 2005\Projects\Netiom\Netiom\Help\icons\drpdown.gif
C:\Documents and Settings\Cliff Stanford\My Documents\Visual Studio 2005\Projects\Netiom\Netiom\Help\Working\Output\icons\drpdown_orange.gif -> C:\Documents and Settings\Cliff Stanford\My Documents\Visual Studio 2005\Projects\Netiom\Netiom\Help\icons\drpdown_orange.gif
C:\Documents and Settings\Cliff Stanford\My Documents\Visual Studio 2005\Projects\Netiom\Netiom\Help\Working\Output\icons\exp.gif -> C:\Documents and Settings\Cliff Stanford\My Documents\Visual Studio 2005\Projects\Netiom\Netiom\Help\icons\exp.gif
C:\Documents and Settings\Cliff Stanford\My Documents\Visual Studio 2005\Projects\Netiom\Netiom\Help\Working\Output\icons\expall.gif -> C:\Documents and Settings\Cliff Stanford\My Documents\Visual Studio 2005\Projects\Netiom\Netiom\Help\icons\expall.gif
C:\Documents and Settings\Cliff Stanford\My Documents\Visual Studio 2005\Projects\Netiom\Netiom\Help\Working\Output\icons\expand_all.gif -> C:\Documents and Settings\Cliff Stanford\My Documents\Visual Studio 2005\Projects\Netiom\Netiom\Help\icons\expand_all.gif
C:\Documents and Settings\Cliff Stanford\My Documents\Visual Studio 2005\Projects\Netiom\Netiom\Help\Working\Output\icons\footer.gif -> C:\Documents and Settings\Cliff Stanford\My Documents\Visual Studio 2005\Projects\Netiom\Netiom\Help\icons\footer.gif
C:\Documents and Settings\Cliff Stanford\My Documents\Visual Studio 2005\Projects\Netiom\Netiom\Help\Working\Output\icons\LastChild.gif -> C:\Documents and Settings\Cliff Stanford\My Documents\Visual Studio 2005\Projects\Netiom\Netiom\Help\icons\LastChild.gif
C:\Documents and Settings\Cliff Stanford\My Documents\Visual Studio 2005\Projects\Netiom\Netiom\Help\Working\Output\icons\privclass.gif -> C:\Documents and Settings\Cliff Stanford\My Documents\Visual Studio 2005\Projects\Netiom\Netiom\Help\icons\privclass.gif
C:\Documents and Settings\Cliff Stanford\My Documents\Visual Studio 2005\Projects\Netiom\Netiom\Help\Working\Output\icons\privdelicate.gif -> C:\Documents and Settings\Cliff Stanford\My Documents\Visual Studio 2005\Projects\Netiom\Netiom\Help\icons\privdelicate.gif
C:\Documents and Settings\Cliff Stanford\My Documents\Visual Studio 2005\Projects\Netiom\Netiom\Help\Working\Output\icons\privenum.gif -> C:\Documents and Settings\Cliff Stanford\My Documents\Visual Studio 2005\Projects\Netiom\Netiom\Help\icons\privenum.gif
C:\Documents and Settings\Cliff Stanford\My Documents\Visual Studio 2005\Projects\Netiom\Netiom\Help\Working\Output\icons\privevent.gif -> C:\Documents and Settings\Cliff Stanford\My Documents\Visual Studio 2005\Projects\Netiom\Netiom\Help\icons\privevent.gif
C:\Documents and Settings\Cliff Stanford\My Documents\Visual Studio 2005\Projects\Netiom\Netiom\Help\Working\Output\icons\privfield.gif -> C:\Documents and Settings\Cliff Stanford\My Documents\Visual Studio 2005\Projects\Netiom\Netiom\Help\icons\privfield.gif
C:\Documents and Settings\Cliff Stanford\My Documents\Visual Studio 2005\Projects\Netiom\Netiom\Help\Working\Output\icons\privinterface.gif -> C:\Documents and Settings\Cliff Stanford\My Documents\Visual Studio 2005\Projects\Netiom\Netiom\Help\icons\privinterface.gif
C:\Documents and Settings\Cliff Stanford\My Documents\Visual Studio 2005\Projects\Netiom\Netiom\Help\Working\Output\icons\privmethod.gif -> C:\Documents and Settings\Cliff Stanford\My Documents\Visual Studio 2005\Projects\Netiom\Netiom\Help\icons\privmethod.gif
C:\Documents and Settings\Cliff Stanford\My Documents\Visual Studio 2005\Projects\Netiom\Netiom\Help\Working\Output\icons\privproperty.gif -> C:\Documents and Settings\Cliff Stanford\My Documents\Visual Studio 2005\Projects\Netiom\Netiom\Help\icons\privproperty.gif
C:\Documents and Settings\Cliff Stanford\My Documents\Visual Studio 2005\Projects\Netiom\Netiom\Help\Working\Output\icons\privstructure.gif -> C:\Documents and Settings\Cliff Stanford\My Documents\Visual Studio 2005\Projects\Netiom\Netiom\Help\icons\privstructure.gif
C:\Documents and Settings\Cliff Stanford\My Documents\Visual Studio 2005\Projects\Netiom\Netiom\Help\Working\Output\icons\protclass.gif -> C:\Documents and Settings\Cliff Stanford\My Documents\Visual Studio 2005\Projects\Netiom\Netiom\Help\icons\protclass.gif
C:\Documents and Settings\Cliff Stanford\My Documents\Visual Studio 2005\Projects\Netiom\Netiom\Help\Working\Output\icons\protdeligate.gif -> C:\Documents and Settings\Cliff Stanford\My Documents\Visual Studio 2005\Projects\Netiom\Netiom\Help\icons\protdeligate.gif
C:\Documents and Settings\Cliff Stanford\My Documents\Visual Studio 2005\Projects\Netiom\Netiom\Help\Working\Output\icons\protenum.gif -> C:\Documents and Settings\Cliff Stanford\My Documents\Visual Studio 2005\Projects\Netiom\Netiom\Help\icons\protenum.gif
C:\Documents and Settings\Cliff Stanford\My Documents\Visual Studio 2005\Projects\Netiom\Netiom\Help\Working\Output\icons\protevent.gif -> C:\Documents and Settings\Cliff Stanford\My Documents\Visual Studio 2005\Projects\Netiom\Netiom\Help\icons\protevent.gif
C:\Documents and Settings\Cliff Stanford\My Documents\Visual Studio 2005\Projects\Netiom\Netiom\Help\Working\Output\icons\protfield.gif -> C:\Documents and Settings\Cliff Stanford\My Documents\Visual Studio 2005\Projects\Netiom\Netiom\Help\icons\protfield.gif
C:\Documents and Settings\Cliff Stanford\My Documents\Visual Studio 2005\Projects\Netiom\Netiom\Help\Working\Output\icons\protinterface.gif -> C:\Documents and Settings\Cliff Stanford\My Documents\Visual Studio 2005\Projects\Netiom\Netiom\Help\icons\protinterface.gif
C:\Documents and Settings\Cliff Stanford\My Documents\Visual Studio 2005\Projects\Netiom\Netiom\Help\Working\Output\icons\protmethod.gif -> C:\Documents and Settings\Cliff Stanford\My Documents\Visual Studio 2005\Projects\Netiom\Netiom\Help\icons\protmethod.gif
C:\Documents and Settings\Cliff Stanford\My Documents\Visual Studio 2005\Projects\Netiom\Netiom\Help\Working\Output\icons\protoperator.gif -> C:\Documents and Settings\Cliff Stanford\My Documents\Visual Studio 2005\Projects\Netiom\Netiom\Help\icons\protoperator.gif
C:\Documents and Settings\Cliff Stanford\My Documents\Visual Studio 2005\Projects\Netiom\Netiom\Help\Working\Output\icons\protproperty.gif -> C:\Documents and Settings\Cliff Stanford\My Documents\Visual Studio 2005\Projects\Netiom\Netiom\Help\icons\protproperty.gif
C:\Documents and Settings\Cliff Stanford\My Documents\Visual Studio 2005\Projects\Netiom\Netiom\Help\Working\Output\icons\protstructure.gif -> C:\Documents and Settings\Cliff Stanford\My Documents\Visual Studio 2005\Projects\Netiom\Netiom\Help\icons\protstructure.gif
C:\Documents and Settings\Cliff Stanford\My Documents\Visual Studio 2005\Projects\Netiom\Netiom\Help\Working\Output\icons\pubclass.gif -> C:\Documents and Settings\Cliff Stanford\My Documents\Visual Studio 2005\Projects\Netiom\Netiom\Help\icons\pubclass.gif
C:\Documents and Settings\Cliff Stanford\My Documents\Visual Studio 2005\Projects\Netiom\Netiom\Help\Working\Output\icons\pubdelegate.gif -> C:\Documents and Settings\Cliff Stanford\My Documents\Visual Studio 2005\Projects\Netiom\Netiom\Help\icons\pubdelegate.gif
C:\Documents and Settings\Cliff Stanford\My Documents\Visual Studio 2005\Projects\Netiom\Netiom\Help\Working\Output\icons\pubenum.gif -> C:\Documents and Settings\Cliff Stanford\My Documents\Visual Studio 2005\Projects\Netiom\Netiom\Help\icons\pubenum.gif
C:\Documents and Settings\Cliff Stanford\My Documents\Visual Studio 2005\Projects\Netiom\Netiom\Help\Working\Output\icons\pubevent.gif -> C:\Documents and Settings\Cliff Stanford\My Documents\Visual Studio 2005\Projects\Netiom\Netiom\Help\icons\pubevent.gif
C:\Documents and Settings\Cliff Stanford\My Documents\Visual Studio 2005\Projects\Netiom\Netiom\Help\Working\Output\icons\pubfield.gif -> C:\Documents and Settings\Cliff Stanford\My Documents\Visual Studio 2005\Projects\Netiom\Netiom\Help\icons\pubfield.gif
C:\Documents and Settings\Cliff Stanford\My Documents\Visual Studio 2005\Projects\Netiom\Netiom\Help\Working\Output\icons\pubinterface.gif -> C:\Documents and Settings\Cliff Stanford\My Documents\Visual Studio 2005\Projects\Netiom\Netiom\Help\icons\pubinterface.gif
C:\Documents and Settings\Cliff Stanford\My Documents\Visual Studio 2005\Projects\Netiom\Netiom\Help\Working\Output\icons\pubmethod.gif -> C:\Documents and Settings\Cliff Stanford\My Documents\Visual Studio 2005\Projects\Netiom\Netiom\Help\icons\pubmethod.gif
C:\Documents and Settings\Cliff Stanford\My Documents\Visual Studio 2005\Projects\Netiom\Netiom\Help\Working\Output\icons\puboperator.gif -> C:\Documents and Settings\Cliff Stanford\My Documents\Visual Studio 2005\Projects\Netiom\Netiom\Help\icons\puboperator.gif
C:\Documents and Settings\Cliff Stanford\My Documents\Visual Studio 2005\Projects\Netiom\Netiom\Help\Working\Output\icons\pubproperty.gif -> C:\Documents and Settings\Cliff Stanford\My Documents\Visual Studio 2005\Projects\Netiom\Netiom\Help\icons\pubproperty.gif
C:\Documents and Settings\Cliff Stanford\My Documents\Visual Studio 2005\Projects\Netiom\Netiom\Help\Working\Output\icons\pubstructure.gif -> C:\Documents and Settings\Cliff Stanford\My Documents\Visual Studio 2005\Projects\Netiom\Netiom\Help\icons\pubstructure.gif
C:\Documents and Settings\Cliff Stanford\My Documents\Visual Studio 2005\Projects\Netiom\Netiom\Help\Working\Output\icons\security.gif -> C:\Documents and Settings\Cliff Stanford\My Documents\Visual Studio 2005\Projects\Netiom\Netiom\Help\icons\security.gif
C:\Documents and Settings\Cliff Stanford\My Documents\Visual Studio 2005\Projects\Netiom\Netiom\Help\Working\Output\icons\static.gif -> C:\Documents and Settings\Cliff Stanford\My Documents\Visual Studio 2005\Projects\Netiom\Netiom\Help\icons\static.gif
C:\Documents and Settings\Cliff Stanford\My Documents\Visual Studio 2005\Projects\Netiom\Netiom\Help\Working\Output\scripts\Dropdown.js -> C:\Documents and Settings\Cliff Stanford\My Documents\Visual Studio 2005\Projects\Netiom\Netiom\Help\scripts\Dropdown.js
C:\Documents and Settings\Cliff Stanford\My Documents\Visual Studio 2005\Projects\Netiom\Netiom\Help\Working\Output\scripts\EventUtilities.js -> C:\Documents and Settings\Cliff Stanford\My Documents\Visual Studio 2005\Projects\Netiom\Netiom\Help\scripts\EventUtilities.js
C:\Documents and Settings\Cliff Stanford\My Documents\Visual Studio 2005\Projects\Netiom\Netiom\Help\Working\Output\scripts\script_manifold.js -> C:\Documents and Settings\Cliff Stanford\My Documents\Visual Studio 2005\Projects\Netiom\Netiom\Help\scripts\script_manifold.js
C:\Documents and Settings\Cliff Stanford\My Documents\Visual Studio 2005\Projects\Netiom\Netiom\Help\Working\Output\scripts\SplitScreen.js -> C:\Documents and Settings\Cliff Stanford\My Documents\Visual Studio 2005\Projects\Netiom\Netiom\Help\scripts\SplitScreen.js
C:\Documents and Settings\Cliff Stanford\My Documents\Visual Studio 2005\Projects\Netiom\Netiom\Help\Working\Output\styles\presentation.css -> C:\Documents and Settings\Cliff Stanford\My Documents\Visual Studio 2005\Projects\Netiom\Netiom\Help\styles\presentation.css
    Last step completed in 00:00:00.5000
-------------------------------
Generating table of content for HTML Help 1.x file...
[C:\Documents and Settings\Cliff Stanford\My Documents\Visual Studio 2005\Projects\Netiom\Netiom\Help\Working\Generate1xTOC.bat]
XslTransform (v2.2.63000.2)
Copyright ¸ Microsoft 2005-2006
Info: Applying XSL transformation 'C:\Program Files\Sandcastle\ProductionTransforms\CreateVSToc.xsl'.
XslTransform (v2.2.63000.2)
Copyright ¸ Microsoft 2005-2006
Info: Applying XSL transformation 'C:\Program Files\Sandcastle\ProductionTransforms\TocToChmContents.xsl'.
    Last step completed in 00:00:01.3594
Updating table of content with additional content items and determining default topic ...
    Last step completed in 00:00:00.0000
-------------------------------
Generating help file index...
[C:\Documents and Settings\Cliff Stanford\My Documents\Visual Studio 2005\Projects\Netiom\Netiom\Help\Working\Generate1xIndex.bat]
XslTransform (v2.2.63000.2)
Copyright ¸ Microsoft 2005-2006
Info: Applying XSL transformation 'C:\Program Files\Sandcastle\ProductionTransforms\ReflectionToChmIndex.xsl'.
    Last step completed in 00:00:00.4688
-------------------------------
Generating help project file...
    Last step completed in 00:00:00.0000
-------------------------------
Compiling the help file...
[C:\Documents and Settings\Cliff Stanford\My Documents\Visual Studio 2005\Projects\Netiom\Netiom\Help\Working\Build1xHelpFile.bat]
Microsoft HTML Help Compiler 4.74.8702



Compiling c:\Documents and Settings\Cliff Stanford\My Documents\Visual Studio 2005\Projects\Netiom\Netiom\Help\Working\Output\Documentation.chm





Compile time: 0 minutes, 2 seconds

54	Topics

416	Local links

132	Internet links

0	Graphics





Created c:\Documents and Settings\Cliff Stanford\My Documents\Visual Studio 2005\Projects\Netiom\Netiom\Help\Working\Output\Documentation.chm, 108,090 bytes

Compression decreased file by 564,113 bytes.

    Last step completed in 00:00:02.9219
Removing intermediate files...
    Last step completed in 00:00:00.0625


Build completed successfully.  Total time: 00:00:45.0469

